<?xml version="1.0" encoding="UTF-8"?>
<!-- Generated by org.testng.reporters.JUnitReportReporter -->
<testsuite skipped="0" hostname="5CD116VBH4" name="com.automation.web.SubscriptionPackages" tests="3" failures="0" timestamp="01 Jan 2023 08:48:53 GMT" time="77.671" errors="0">
  <testcase name="BhSubscriptionPackages" time="24.585" classname="com.automation.web.SubscriptionPackages"/>
  <testcase name="BhSubscriptionPackages" time="26.434" classname="com.automation.web.SubscriptionPackages"/>
  <testcase name="BhSubscriptionPackages" time="26.652" classname="com.automation.web.SubscriptionPackages"/>
</testsuite> <!-- com.automation.web.SubscriptionPackages -->
